<?xml version="1.0" encoding="UTF-8"?>
<!-- Generated by org.testng.reporters.JUnitReportReporter -->
<testsuite hostname="Vishnus" name="com.testMyksrtc" tests="6" failures="0" timestamp="10 May 2015 14:49:09 GMT" time="49.244" errors="0">
  <testcase name="oneWaySearch" time="4.766" classname="com.testMyksrtc"/>
  <testcase name="test2" time="22.786" classname="com.testMyksrtc"/>
  <testcase name="test1" time="18.069" classname="com.testMyksrtc"/>
  <testcase name="test4" time="0.204" classname="com.testMyksrtc"/>
  <testcase name="test3" time="3.204" classname="com.testMyksrtc"/>
  <testcase name="readDetailsBus" time="0.215" classname="com.testMyksrtc"/>
</testsuite> <!-- com.testMyksrtc -->
